build/app/intermediates/manifest_merge_blame_file/debug/manifest-merger-blame-debug-report.txt
1<?xml version="1.0" encoding="utf-8"?>
2<manifest xmlns:android="http://schemas.android.com/apk/res/android"
3    package="com.example.binance_api_test"
4    android:versionCode="1"
5    android:versionName="1.0.0" >
6
7    <uses-sdk
8        android:minSdkVersion="21"
9        android:targetSdkVersion="34" />
10    <!--
11         The INTERNET permission is required for development. Specifically,
12         the Flutter tool needs it to communicate with the running application
13         to allow setting breakpoints, to provide hot reload, etc.
14    -->
15    <uses-permission android:name="android.permission.INTERNET" />
15-->src\main\AndroidManifest.xml:3:5-67
15-->src\main\AndroidManifest.xml:3:22-64
16    <uses-permission android:name="android.permission.CAMERA" />
16-->src\main\AndroidManifest.xml:2:5-65
16-->src\main\AndroidManifest.xml:2:22-62
17    <!--
18 Required to query activities that can process text, see:
19         https://developer.android.com/training/package-visibility?hl=en and
20         https://developer.android.com/reference/android/content/Intent#ACTION_PROCESS_TEXT.
21
22         In particular, this is used by the Flutter engine in io.flutter.plugin.text.ProcessTextPlugin.
23    -->
24    <queries>
24-->src\main\AndroidManifest.xml:40:5-45:15
25        <intent>
25-->src\main\AndroidManifest.xml:41:9-44:18
26            <action android:name="android.intent.action.PROCESS_TEXT" />
26-->src\main\AndroidManifest.xml:42:13-73
26-->src\main\AndroidManifest.xml:42:21-70
27
28            <data android:mimeType="text/plain" />
28-->src\main\AndroidManifest.xml:43:13-51
28-->src\main\AndroidManifest.xml:43:19-48
29        </intent>
30    </queries>
31
32    <uses-permission android:name="android.permission.ACCESS_NETWORK_STATE" />
32-->[:connectivity_plus] AndroidManifest.xml:9:5-79
32-->[:connectivity_plus] AndroidManifest.xml:9:22-76
33
34    <permission
34-->[androidx.core:core:1.10.1] AndroidManifest.xml:22:5-24:47
35        android:name="com.example.binance_api_test.DYNAMIC_RECEIVER_NOT_EXPORTED_PERMISSION"
35-->[androidx.core:core:1.10.1] AndroidManifest.xml:23:9-81
36        android:protectionLevel="signature" />
36-->[androidx.core:core:1.10.1] AndroidManifest.xml:24:9-44
37
38    <uses-permission android:name="com.example.binance_api_test.DYNAMIC_RECEIVER_NOT_EXPORTED_PERMISSION" /> <!-- Don't require camera, as this requires a rear camera. This allows it to work on the Nexus 7 -->
38-->[androidx.core:core:1.10.1] AndroidManifest.xml:26:5-97
38-->[androidx.core:core:1.10.1] AndroidManifest.xml:26:22-94
39    <uses-feature
39-->[com.journeyapps:zxing-android-embedded:4.3.0] AndroidManifest.xml:25:5-27:36
40        android:name="android.hardware.camera"
40-->[com.journeyapps:zxing-android-embedded:4.3.0] AndroidManifest.xml:26:9-47
41        android:required="false" />
41-->[com.journeyapps:zxing-android-embedded:4.3.0] AndroidManifest.xml:27:9-33
42    <uses-feature
42-->[com.journeyapps:zxing-android-embedded:4.3.0] AndroidManifest.xml:28:5-30:36
43        android:name="android.hardware.camera.front"
43-->[com.journeyapps:zxing-android-embedded:4.3.0] AndroidManifest.xml:29:9-53
44        android:required="false" /> <!-- TODO replace above two with next line after Android 4.2 -->
44-->[com.journeyapps:zxing-android-embedded:4.3.0] AndroidManifest.xml:30:9-33
45    <!-- <uses-feature android:name="android.hardware.camera.any"/> -->
46    <uses-feature
46-->[com.journeyapps:zxing-android-embedded:4.3.0] AndroidManifest.xml:33:5-35:36
47        android:name="android.hardware.camera.autofocus"
47-->[com.journeyapps:zxing-android-embedded:4.3.0] AndroidManifest.xml:34:9-57
48        android:required="false" />
48-->[com.journeyapps:zxing-android-embedded:4.3.0] AndroidManifest.xml:35:9-33
49    <uses-feature
49-->[com.journeyapps:zxing-android-embedded:4.3.0] AndroidManifest.xml:36:5-38:36
50        android:name="android.hardware.camera.flash"
50-->[com.journeyapps:zxing-android-embedded:4.3.0] AndroidManifest.xml:37:9-53
51        android:required="false" />
51-->[com.journeyapps:zxing-android-embedded:4.3.0] AndroidManifest.xml:38:9-33
52    <uses-feature
52-->[com.journeyapps:zxing-android-embedded:4.3.0] AndroidManifest.xml:39:5-41:36
53        android:name="android.hardware.screen.landscape"
53-->[com.journeyapps:zxing-android-embedded:4.3.0] AndroidManifest.xml:40:9-57
54        android:required="false" />
54-->[com.journeyapps:zxing-android-embedded:4.3.0] AndroidManifest.xml:41:9-33
55    <uses-feature
55-->[com.journeyapps:zxing-android-embedded:4.3.0] AndroidManifest.xml:42:5-44:36
56        android:name="android.hardware.wifi"
56-->[com.journeyapps:zxing-android-embedded:4.3.0] AndroidManifest.xml:43:9-45
57        android:required="false" />
57-->[com.journeyapps:zxing-android-embedded:4.3.0] AndroidManifest.xml:44:9-33
58
59    <application
60        android:name="android.app.Application"
61        android:appComponentFactory="androidx.core.app.CoreComponentFactory"
61-->[androidx.core:core:1.10.1] AndroidManifest.xml:28:18-86
62        android:debuggable="true"
63        android:icon="@mipmap/ic_launcher"
64        android:label="TEST" >
65        <activity
66            android:name="com.example.binance_api_test.MainActivity"
67            android:configChanges="orientation|keyboardHidden|keyboard|screenSize|smallestScreenSize|locale|layoutDirection|fontScale|screenLayout|density|uiMode"
68            android:exported="true"
69            android:hardwareAccelerated="true"
70            android:launchMode="singleTop"
71            android:theme="@style/LaunchTheme"
72            android:windowSoftInputMode="adjustResize" >
73
74            <!--
75                 Specifies an Android theme to apply to this Activity as soon as
76                 the Android process has started. This theme is visible to the user
77                 while the Flutter UI initializes. After that, this theme continues
78                 to determine the Window background behind the Flutter UI.
79            -->
80            <meta-data
81                android:name="io.flutter.embedding.android.NormalTheme"
82                android:resource="@style/NormalTheme" />
83
84            <intent-filter>
85                <action android:name="android.intent.action.MAIN" />
86
87                <category android:name="android.intent.category.LAUNCHER" />
88            </intent-filter>
89        </activity>
90        <!--
91             Don't delete the meta-data below.
92             This is used by the Flutter tool to generate GeneratedPluginRegistrant.java
93        -->
94        <meta-data
95            android:name="flutterEmbedding"
96            android:value="2" />
97
98        <provider
98-->[:image_picker_android] AndroidManifest.xml:11:9-19:20
99            android:name="io.flutter.plugins.imagepicker.ImagePickerFileProvider"
99-->[:image_picker_android] AndroidManifest.xml:12:13-82
100            android:authorities="com.example.binance_api_test.flutter.image_provider"
100-->[:image_picker_android] AndroidManifest.xml:13:13-74
101            android:exported="false"
101-->[:image_picker_android] AndroidManifest.xml:14:13-37
102            android:grantUriPermissions="true" >
102-->[:image_picker_android] AndroidManifest.xml:15:13-47
103            <meta-data
103-->[:image_picker_android] AndroidManifest.xml:16:13-18:75
104                android:name="android.support.FILE_PROVIDER_PATHS"
104-->[:image_picker_android] AndroidManifest.xml:17:17-67
105                android:resource="@xml/flutter_image_picker_file_paths" />
105-->[:image_picker_android] AndroidManifest.xml:18:17-72
106        </provider> <!-- Trigger Google Play services to install the backported photo picker module. -->
107        <service
107-->[:image_picker_android] AndroidManifest.xml:21:9-33:19
108            android:name="com.google.android.gms.metadata.ModuleDependencies"
108-->[:image_picker_android] AndroidManifest.xml:22:13-78
109            android:enabled="false"
109-->[:image_picker_android] AndroidManifest.xml:23:13-36
110            android:exported="false" >
110-->[:image_picker_android] AndroidManifest.xml:24:13-37
111            <intent-filter>
111-->[:image_picker_android] AndroidManifest.xml:26:13-28:29
112                <action android:name="com.google.android.gms.metadata.MODULE_DEPENDENCIES" />
112-->[:image_picker_android] AndroidManifest.xml:27:17-94
112-->[:image_picker_android] AndroidManifest.xml:27:25-91
113            </intent-filter>
114
115            <meta-data
115-->[:image_picker_android] AndroidManifest.xml:30:13-32:36
116                android:name="photopicker_activity:0:required"
116-->[:image_picker_android] AndroidManifest.xml:31:17-63
117                android:value="" />
117-->[:image_picker_android] AndroidManifest.xml:32:17-33
118        </service>
119
120        <activity
120-->[:url_launcher_android] AndroidManifest.xml:10:9-13:74
121            android:name="io.flutter.plugins.urllauncher.WebViewActivity"
121-->[:url_launcher_android] AndroidManifest.xml:11:13-74
122            android:exported="false"
122-->[:url_launcher_android] AndroidManifest.xml:12:13-37
123            android:theme="@android:style/Theme.NoTitleBar.Fullscreen" />
123-->[:url_launcher_android] AndroidManifest.xml:13:13-71
124
125        <provider
125-->[androidx.emoji2:emoji2:1.0.0] AndroidManifest.xml:26:9-34:20
126            android:name="androidx.startup.InitializationProvider"
126-->[androidx.emoji2:emoji2:1.0.0] AndroidManifest.xml:27:13-67
127            android:authorities="com.example.binance_api_test.androidx-startup"
127-->[androidx.emoji2:emoji2:1.0.0] AndroidManifest.xml:28:13-68
128            android:exported="false" >
128-->[androidx.emoji2:emoji2:1.0.0] AndroidManifest.xml:29:13-37
129            <meta-data
129-->[androidx.emoji2:emoji2:1.0.0] AndroidManifest.xml:31:13-33:52
130                android:name="androidx.emoji2.text.EmojiCompatInitializer"
130-->[androidx.emoji2:emoji2:1.0.0] AndroidManifest.xml:32:17-75
131                android:value="androidx.startup" />
131-->[androidx.emoji2:emoji2:1.0.0] AndroidManifest.xml:33:17-49
132            <meta-data
132-->[androidx.lifecycle:lifecycle-process:2.6.1] AndroidManifest.xml:29:13-31:52
133                android:name="androidx.lifecycle.ProcessLifecycleInitializer"
133-->[androidx.lifecycle:lifecycle-process:2.6.1] AndroidManifest.xml:30:17-78
134                android:value="androidx.startup" />
134-->[androidx.lifecycle:lifecycle-process:2.6.1] AndroidManifest.xml:31:17-49
135            <meta-data
135-->[androidx.profileinstaller:profileinstaller:1.3.0] AndroidManifest.xml:29:13-31:52
136                android:name="androidx.profileinstaller.ProfileInstallerInitializer"
136-->[androidx.profileinstaller:profileinstaller:1.3.0] AndroidManifest.xml:30:17-85
137                android:value="androidx.startup" />
137-->[androidx.profileinstaller:profileinstaller:1.3.0] AndroidManifest.xml:31:17-49
138        </provider>
139
140        <uses-library
140-->[androidx.window:window:1.0.0-beta04] AndroidManifest.xml:25:9-27:40
141            android:name="androidx.window.extensions"
141-->[androidx.window:window:1.0.0-beta04] AndroidManifest.xml:26:13-54
142            android:required="false" />
142-->[androidx.window:window:1.0.0-beta04] AndroidManifest.xml:27:13-37
143        <uses-library
143-->[androidx.window:window:1.0.0-beta04] AndroidManifest.xml:28:9-30:40
144            android:name="androidx.window.sidecar"
144-->[androidx.window:window:1.0.0-beta04] AndroidManifest.xml:29:13-51
145            android:required="false" />
145-->[androidx.window:window:1.0.0-beta04] AndroidManifest.xml:30:13-37
146
147        <receiver
147-->[androidx.profileinstaller:profileinstaller:1.3.0] AndroidManifest.xml:34:9-52:20
148            android:name="androidx.profileinstaller.ProfileInstallReceiver"
148-->[androidx.profileinstaller:profileinstaller:1.3.0] AndroidManifest.xml:35:13-76
149            android:directBootAware="false"
149-->[androidx.profileinstaller:profileinstaller:1.3.0] AndroidManifest.xml:36:13-44
150            android:enabled="true"
150-->[androidx.profileinstaller:profileinstaller:1.3.0] AndroidManifest.xml:37:13-35
151            android:exported="true"
151-->[androidx.profileinstaller:profileinstaller:1.3.0] AndroidManifest.xml:38:13-36
152            android:permission="android.permission.DUMP" >
152-->[androidx.profileinstaller:profileinstaller:1.3.0] AndroidManifest.xml:39:13-57
153            <intent-filter>
153-->[androidx.profileinstaller:profileinstaller:1.3.0] AndroidManifest.xml:40:13-42:29
154                <action android:name="androidx.profileinstaller.action.INSTALL_PROFILE" />
154-->[androidx.profileinstaller:profileinstaller:1.3.0] AndroidManifest.xml:41:17-91
154-->[androidx.profileinstaller:profileinstaller:1.3.0] AndroidManifest.xml:41:25-88
155            </intent-filter>
156            <intent-filter>
156-->[androidx.profileinstaller:profileinstaller:1.3.0] AndroidManifest.xml:43:13-45:29
157                <action android:name="androidx.profileinstaller.action.SKIP_FILE" />
157-->[androidx.profileinstaller:profileinstaller:1.3.0] AndroidManifest.xml:44:17-85
157-->[androidx.profileinstaller:profileinstaller:1.3.0] AndroidManifest.xml:44:25-82
158            </intent-filter>
159            <intent-filter>
159-->[androidx.profileinstaller:profileinstaller:1.3.0] AndroidManifest.xml:46:13-48:29
160                <action android:name="androidx.profileinstaller.action.SAVE_PROFILE" />
160-->[androidx.profileinstaller:profileinstaller:1.3.0] AndroidManifest.xml:47:17-88
160-->[androidx.profileinstaller:profileinstaller:1.3.0] AndroidManifest.xml:47:25-85
161            </intent-filter>
162            <intent-filter>
162-->[androidx.profileinstaller:profileinstaller:1.3.0] AndroidManifest.xml:49:13-51:29
163                <action android:name="androidx.profileinstaller.action.BENCHMARK_OPERATION" />
163-->[androidx.profileinstaller:profileinstaller:1.3.0] AndroidManifest.xml:50:17-95
163-->[androidx.profileinstaller:profileinstaller:1.3.0] AndroidManifest.xml:50:25-92
164            </intent-filter>
165        </receiver>
166
167        <activity
167-->[com.journeyapps:zxing-android-embedded:4.3.0] AndroidManifest.xml:47:9-53:63
168            android:name="com.journeyapps.barcodescanner.CaptureActivity"
168-->[com.journeyapps:zxing-android-embedded:4.3.0] AndroidManifest.xml:48:13-74
169            android:clearTaskOnLaunch="true"
169-->[com.journeyapps:zxing-android-embedded:4.3.0] AndroidManifest.xml:49:13-45
170            android:screenOrientation="sensorLandscape"
170-->[com.journeyapps:zxing-android-embedded:4.3.0] AndroidManifest.xml:50:13-56
171            android:stateNotNeeded="true"
171-->[com.journeyapps:zxing-android-embedded:4.3.0] AndroidManifest.xml:51:13-42
172            android:theme="@style/zxing_CaptureTheme"
172-->[com.journeyapps:zxing-android-embedded:4.3.0] AndroidManifest.xml:52:13-54
173            android:windowSoftInputMode="stateAlwaysHidden" />
173-->[com.journeyapps:zxing-android-embedded:4.3.0] AndroidManifest.xml:53:13-60
174    </application>
175
176</manifest>